<?xml version="1.0" encoding="UTF-8"?>
<!-- Generated by org.testng.reporters.JUnitXMLReporter -->
<testsuite hostname="mslaptop" ignored="0" name="Default test" tests="3" failures="0" timestamp="11 sie 2019 19:49:06 GMT" time="23.127" errors="0">
  <testcase name="czytelniaPage" time="5.34" classname="com.suite1.PokerTexas"/>
  <testcase name="kontaktPage" time="1.942" classname="com.suite1.PokerTexas"/>
  <testcase name="newsPage" time="1.928" classname="com.suite1.PokerTexas"/>
</testsuite> <!-- Default test -->
