<?xml version="1.0" encoding="UTF-8"?>
<!-- Generated by org.testng.reporters.JUnitXMLReporter -->
<testsuite hostname="mslaptop" ignored="0" name="Default test" tests="3" failures="0" timestamp="08 sie 2019 16:15:48 GMT" time="33.623" errors="0">
  <testcase name="executSessionOne" time="13.25" classname="firsttestngpackage.MultipleSession_In_testNG"/>
  <testcase name="executSessionThree" time="9.852" classname="firsttestngpackage.MultipleSession_In_testNG"/>
  <testcase name="executeSessionTwo" time="10.453" classname="firsttestngpackage.MultipleSession_In_testNG"/>
</testsuite> <!-- Default test -->
