<?xml version="1.0" encoding="UTF-8"?>
<testng-results skipped="0" failed="0" ignored="0" total="1" passed="1">
  <reporter-output>
  </reporter-output>
  <suite name="Default suite" duration-ms="24416" started-at="2019-08-26T19:30:11Z" finished-at="2019-08-26T19:30:35Z">
    <groups>
    </groups>
    <test name="Default test" duration-ms="24416" started-at="2019-08-26T19:30:11Z" finished-at="2019-08-26T19:30:35Z">
      <class name="test.testDatePicker">
        <test-method status="PASS" signature="testDAtePicker()[pri:0, instance:test.testDatePicker@46d56d67]" name="testDAtePicker" duration-ms="24363" started-at="2019-08-26T19:30:11Z" finished-at="2019-08-26T19:30:35Z">
          <reporter-output>
          </reporter-output>
        </test-method> <!-- testDAtePicker -->
      </class> <!-- test.testDatePicker -->
    </test> <!-- Default test -->
  </suite> <!-- Default suite -->
</testng-results>
