<?xml version="1.0" encoding="UTF-8"?>
<!-- Generated by org.testng.reporters.JUnitXMLReporter -->
<testsuite hostname="mslaptop" name="Default test" tests="1" failures="0" timestamp="6 Aug 2019 10:12:25 GMT" time="78.759" errors="0">
  <testcase name="@BeforeTest launchBrowser" time="0.0" classname="example.NewTest">
    <failure type="org.openqa.selenium.WebDriverException" message="Failed to connect to binary FirefoxBinary(C:\Program Files (x86)\Mozilla Firefox\firefox.exe) on port 7055; process output follows: 
:&amp;quot;#2A2A2E&amp;quot;,&amp;quot;ntp_text&amp;quot;:&amp;quot;rgb(249, 249, 250)&amp;quot;,&amp;quot;popup&amp;quot;:&amp;quot;#4a4a4f&amp;quot;,&amp;quot;popup_border&amp;quot;:&amp;quot;#27272b&amp;quot;,&amp;quot;popup_text&amp;quot;:&amp;quot;rgb(249, 249, 250)&amp;quot;,&amp;quot;sidebar&amp;quot;:&amp;quot;#38383D&amp;quot;,&amp;quot;sidebar_border&amp;quot;:&amp;quot;rgba(255, 255, 255, 0.1)&amp;quot;,&amp;quot;sidebar_text&amp;quot;:&amp;quot;rgb(249, 249, 250)&amp;quot;,&amp;quot;textcolor&amp;quot;:&amp;quot;rgb(249, 249, 250)&amp;quot;,&amp;quot;tab_line&amp;quot;:&amp;quot;#0a84ff&amp;quot;,&amp;quot;toolbarColor&amp;quot;:&amp;quot;hsl(240, 1%, 20%)&amp;quot;,&amp;quot;toolbar_bottom_separator&amp;quot;:&amp;quot;hsl(240, 5%, 5%)&amp;quot;,&amp;quot;toolbar_field&amp;quot;:&amp;quot;rgb(71, 71, 73)&amp;quot;,&amp;quot;toolbar_field_border&amp;quot;:&amp;quot;rgba(249, 249, 250, 0.2)&amp;quot;,&amp;quot;toolbar_field_separator&amp;quot;:&amp;quot;#5F6670&amp;quot;,&amp;quot;toolbar_field_text&amp;quot;:&amp;quot;rgb(249, 249, 250)&amp;quot;,&amp;quot;id&amp;quot;:&amp;quot;default-theme@mozilla.org&amp;quot;,&amp;quot;version&amp;quot;:&amp;quot;1.0&amp;quot;}}},&amp;quot;firefox-compact-light@mozilla.org&amp;quot;:{&amp;quot;dependencies&amp;quot;:[],&amp;quot;enabled&amp;quot;:false,&amp;quot;lastModifiedTime&amp;quot;:1563739984624,&amp;quot;loader&amp;quot;:null,&amp;quot;path&amp;quot;:null,&amp;quot;rootURI&amp;quot;:&amp;quot;resource:///modules/themes/light/&amp;quot;,&amp;quot;runInSafeMode&amp;quot;:true,&amp;quot;telemetryKey&amp;quot;:&amp;quot;firefox-compact-light%40mozilla.org:1.0&amp;quot;,&amp;quot;version&amp;quot;:&amp;quot;1.0&amp;quot;,&amp;quot;type&amp;quot;:&amp;quot;theme&amp;quot;},&amp;quot;firefox-compact-dark@mozilla.org&amp;quot;:{&amp;quot;dependencies&amp;quot;:[],&amp;quot;enabled&amp;quot;:false,&amp;quot;lastModifiedTime&amp;quot;:1563739984624,&amp;quot;loader&amp;quot;:null,&amp;quot;path&amp;quot;:null,&amp;quot;rootURI&amp;quot;:&amp;quot;resource:///modules/themes/dark/&amp;quot;,&amp;quot;runInSafeMode&amp;quot;:true,&amp;quot;telemetryKey&amp;quot;:&amp;quot;firefox-compact-dark%40mozilla.org:1.0&amp;quot;,&amp;quot;version&amp;quot;:&amp;quot;1.0&amp;quot;,&amp;quot;type&amp;quot;:&amp;quot;theme&amp;quot;},&amp;quot;google@search.mozilla.org&amp;quot;:{&amp;quot;dependencies&amp;quot;:[],&amp;quot;enabled&amp;quot;:true,&amp;quot;lastModifiedTime&amp;quot;:1563739984624,&amp;quot;loader&amp;quot;:null,&amp;quot;path&amp;quot;:null,&amp;quot;rootURI&amp;quot;:&amp;quot;resource://search-extensions/google/&amp;quot;,&amp;quot;runInSafeMode&amp;quot;:true,&amp;quot;telemetryKey&amp;quot;:&amp;quot;google%40search.mozilla.org:1.0&amp;quot;,&amp;quot;version&amp;quot;:&amp;quot;1.0&amp;quot;},&amp;quot;allegro-pl@search.mozilla.org&amp;quot;:{&amp;quot;dependencies&amp;quot;:[],&amp;quot;enabled&amp;quot;:true,&amp;quot;lastModifiedTime&amp;quot;:1563739984624,&amp;quot;loader&amp;quot;:null,&amp;quot;path&amp;quot;:null,&amp;quot;rootURI&amp;quot;:&amp;quot;resource://search-extensions/allegro-pl/&amp;quot;,&amp;quot;runInSafeMode&amp;quot;:true,&amp;quot;telemetryKey&amp;quot;:&amp;quot;allegro-pl%40search.mozilla.org:1.0&amp;quot;,&amp;quot;version&amp;quot;:&amp;quot;1.0&amp;quot;},&amp;quot;ddg@search.mozilla.org&amp;quot;:{&amp;quot;dependencies&amp;quot;:[],&amp;quot;enabled&amp;quot;:true,&amp;quot;lastModifiedTime&amp;quot;:1563739984624,&amp;quot;loader&amp;quot;:null,&amp;quot;path&amp;quot;:null,&amp;quot;rootURI&amp;quot;:&amp;quot;resource://search-extensions/ddg/&amp;quot;,&amp;quot;runInSafeMode&amp;quot;:true,&amp;quot;telemetryKey&amp;quot;:&amp;quot;ddg%40search.mozilla.org:1.0&amp;quot;,&amp;quot;version&amp;quot;:&amp;quot;1.0&amp;quot;},&amp;quot;pwn-pl@search.mozilla.org&amp;quot;:{&amp;quot;dependencies&amp;quot;:[],&amp;quot;enabled&amp;quot;:true,&amp;quot;lastModifiedTime&amp;quot;:1563739984624,&amp;quot;loader&amp;quot;:null,&amp;quot;path&amp;quot;:null,&amp;quot;rootURI&amp;quot;:&amp;quot;resource://search-extensions/pwn-pl/&amp;quot;,&amp;quot;runInSafeMode&amp;quot;:true,&amp;quot;telemetryKey&amp;quot;:&amp;quot;pwn-pl%40search.mozilla.org:1.0&amp;quot;,&amp;quot;version&amp;quot;:&amp;quot;1.0&amp;quot;},&amp;quot;wikipedia@search.mozilla.org&amp;quot;:{&amp;quot;dependencies&amp;quot;:[],&amp;quot;enabled&amp;quot;:true,&amp;quot;lastModifiedTime&amp;quot;:1563739984624,&amp;quot;loader&amp;quot;:null,&amp;quot;path&amp;quot;:null,&amp;quot;rootURI&amp;quot;:&amp;quot;resource://search-extensions/wikipedia/&amp;quot;,&amp;quot;runInSafeMode&amp;quot;:true,&amp;quot;telemetryKey&amp;quot;:&amp;quot;wikipedia%40search.mozilla.org:1.0&amp;quot;,&amp;quot;version&amp;quot;:&amp;quot;1.0&amp;quot;}},&amp;quot;staged&amp;quot;:{}}: null
1565086284729	addons.xpi	DEBUG	Updating XPIState for {&amp;quot;id&amp;quot;:&amp;quot;wolnelektury-pl@search.mozilla.org&amp;quot;,&amp;quot;syncGUID&amp;quot;:&amp;quot;{9c8992a5-d155-4db4-8d4b-89cc2e25c872}&amp;quot;,&amp;quot;version&amp;quot;:&amp;quot;1.0&amp;quot;,&amp;quot;type&amp;quot;:&amp;quot;extension&amp;quot;,&amp;quot;loader&amp;quot;:null,&amp;quot;updateURL&amp;quot;:null,&amp;quot;optionsURL&amp;quot;:null,&amp;quot;optionsType&amp;quot;:null,&amp;quot;optionsBrowserStyle&amp;quot;:true,&amp;quot;aboutURL&amp;quot;:null,&amp;quot;defaultLocale&amp;quot;:{&amp;quot;name&amp;quot;:&amp;quot;Wolne Lektury&amp;quot;,&amp;quot;description&amp;quot;:&amp;quot;Biblioteka internetowa WolneLektury.pl&amp;quot;,&amp;quot;creator&amp;quot;:null,&amp;quot;developers&amp;quot;:null,&amp;quot;translators&amp;quot;:null,&amp;quot;contributors&amp;quot;:null},&amp;quot;visible&amp;quot;:true,&amp;quot;active&amp;quot;:true,&amp;quot;userDisabled&amp;quot;:false,&amp;quot;appDisabled&amp;quot;:false,&amp;quot;installDate&amp;quot;:1565086284727,&amp;quot;applyBackgroundUpdates&amp;quot;:1,&amp;quot;path&amp;quot;:null,&amp;quot;skinnable&amp;quot;:false,&amp;quot;sourceURI&amp;quot;:null,&amp;quot;releaseNotesURI&amp;quot;:null,&amp;quot;softDisabled&amp;quot;:false,&amp;quot;foreignInstall&amp;quot;:false,&amp;quot;strictCompatibility&amp;quot;:true,&amp;quot;locales&amp;quot;:[],&amp;quot;targetApplications&amp;quot;:[{&amp;quot;id&amp;quot;:&amp;quot;toolkit@mozilla.org&amp;quot;,&amp;quot;minVersion&amp;quot;:null,&amp;quot;maxVersion&amp;quot;:null}],&amp;quot;targetPlatforms&amp;quot;:[],&amp;quot;seen&amp;quot;:true,&amp;quot;dependencies&amp;quot;:[],&amp;quot;incognito&amp;quot;:&amp;quot;spanning&amp;quot;,&amp;quot;userPermissions&amp;quot;:{&amp;quot;permissions&amp;quot;:[],&amp;quot;origins&amp;quot;:[]},&amp;quot;icons&amp;quot;:{&amp;quot;16&amp;quot;:&amp;quot;favicon.png&amp;quot;},&amp;quot;iconURL&amp;quot;:null,&amp;quot;blocklistState&amp;quot;:0,&amp;quot;blocklistURL&amp;quot;:null,&amp;quot;startupData&amp;quot;:null,&amp;quot;hidden&amp;quot;:true,&amp;quot;installTelemetryInfo&amp;quot;:null,&amp;quot;recommendationState&amp;quot;:null,&amp;quot;rootURI&amp;quot;:&amp;quot;resource://search-extensions/wolnelektury-pl/&amp;quot;,&amp;quot;location&amp;quot;:&amp;quot;app-builtin&amp;quot;}
1565086284732	addons.xpi	DEBUG	Loading bootstrap scope from resource://search-extensions/wolnelektury-pl/
1565086284732	addons.xpi	DEBUG	Calling bootstrap method install on wolnelektury-pl@search.mozilla.org version 1.0
1565086284733	addons.xpi	DEBUG	Calling bootstrap method startup on wolnelektury-pl@search.mozilla.org version 1.0
1565086285090	addons.manager	DEBUG	Registering upgrade listener for formautofill@mozilla.org

Build info: version: &amp;apos;2.45.0&amp;apos;, revision: &amp;apos;5017cb8e7ca8e37638dc3091b2440b90a1d8686f&amp;apos;, time: &amp;apos;2015-02-27 09:10:26&amp;apos;
System info: host: &amp;apos;mslaptop&amp;apos;, ip: &amp;apos;192.168.56.1&amp;apos;, os.name: &amp;apos;Windows 10&amp;apos;, os.arch: &amp;apos;amd64&amp;apos;, os.version: &amp;apos;10.0&amp;apos;, java.version: &amp;apos;1.8.0_211&amp;apos;
Driver info: driver.version: FirefoxDriver">
      <![CDATA[org.openqa.selenium.WebDriverException: Failed to connect to binary FirefoxBinary(C:\Program Files (x86)\Mozilla Firefox\firefox.exe) on port 7055; process output follows: 
:"#2A2A2E","ntp_text":"rgb(249, 249, 250)","popup":"#4a4a4f","popup_border":"#27272b","popup_text":"rgb(249, 249, 250)","sidebar":"#38383D","sidebar_border":"rgba(255, 255, 255, 0.1)","sidebar_text":"rgb(249, 249, 250)","textcolor":"rgb(249, 249, 250)","tab_line":"#0a84ff","toolbarColor":"hsl(240, 1%, 20%)","toolbar_bottom_separator":"hsl(240, 5%, 5%)","toolbar_field":"rgb(71, 71, 73)","toolbar_field_border":"rgba(249, 249, 250, 0.2)","toolbar_field_separator":"#5F6670","toolbar_field_text":"rgb(249, 249, 250)","id":"default-theme@mozilla.org","version":"1.0"}}},"firefox-compact-light@mozilla.org":{"dependencies":[],"enabled":false,"lastModifiedTime":1563739984624,"loader":null,"path":null,"rootURI":"resource:///modules/themes/light/","runInSafeMode":true,"telemetryKey":"firefox-compact-light%40mozilla.org:1.0","version":"1.0","type":"theme"},"firefox-compact-dark@mozilla.org":{"dependencies":[],"enabled":false,"lastModifiedTime":1563739984624,"loader":null,"path":null,"rootURI":"resource:///modules/themes/dark/","runInSafeMode":true,"telemetryKey":"firefox-compact-dark%40mozilla.org:1.0","version":"1.0","type":"theme"},"google@search.mozilla.org":{"dependencies":[],"enabled":true,"lastModifiedTime":1563739984624,"loader":null,"path":null,"rootURI":"resource://search-extensions/google/","runInSafeMode":true,"telemetryKey":"google%40search.mozilla.org:1.0","version":"1.0"},"allegro-pl@search.mozilla.org":{"dependencies":[],"enabled":true,"lastModifiedTime":1563739984624,"loader":null,"path":null,"rootURI":"resource://search-extensions/allegro-pl/","runInSafeMode":true,"telemetryKey":"allegro-pl%40search.mozilla.org:1.0","version":"1.0"},"ddg@search.mozilla.org":{"dependencies":[],"enabled":true,"lastModifiedTime":1563739984624,"loader":null,"path":null,"rootURI":"resource://search-extensions/ddg/","runInSafeMode":true,"telemetryKey":"ddg%40search.mozilla.org:1.0","version":"1.0"},"pwn-pl@search.mozilla.org":{"dependencies":[],"enabled":true,"lastModifiedTime":1563739984624,"loader":null,"path":null,"rootURI":"resource://search-extensions/pwn-pl/","runInSafeMode":true,"telemetryKey":"pwn-pl%40search.mozilla.org:1.0","version":"1.0"},"wikipedia@search.mozilla.org":{"dependencies":[],"enabled":true,"lastModifiedTime":1563739984624,"loader":null,"path":null,"rootURI":"resource://search-extensions/wikipedia/","runInSafeMode":true,"telemetryKey":"wikipedia%40search.mozilla.org:1.0","version":"1.0"}},"staged":{}}: null
1565086284729	addons.xpi	DEBUG	Updating XPIState for {"id":"wolnelektury-pl@search.mozilla.org","syncGUID":"{9c8992a5-d155-4db4-8d4b-89cc2e25c872}","version":"1.0","type":"extension","loader":null,"updateURL":null,"optionsURL":null,"optionsType":null,"optionsBrowserStyle":true,"aboutURL":null,"defaultLocale":{"name":"Wolne Lektury","description":"Biblioteka internetowa WolneLektury.pl","creator":null,"developers":null,"translators":null,"contributors":null},"visible":true,"active":true,"userDisabled":false,"appDisabled":false,"installDate":1565086284727,"applyBackgroundUpdates":1,"path":null,"skinnable":false,"sourceURI":null,"releaseNotesURI":null,"softDisabled":false,"foreignInstall":false,"strictCompatibility":true,"locales":[],"targetApplications":[{"id":"toolkit@mozilla.org","minVersion":null,"maxVersion":null}],"targetPlatforms":[],"seen":true,"dependencies":[],"incognito":"spanning","userPermissions":{"permissions":[],"origins":[]},"icons":{"16":"favicon.png"},"iconURL":null,"blocklistState":0,"blocklistURL":null,"startupData":null,"hidden":true,"installTelemetryInfo":null,"recommendationState":null,"rootURI":"resource://search-extensions/wolnelektury-pl/","location":"app-builtin"}
1565086284732	addons.xpi	DEBUG	Loading bootstrap scope from resource://search-extensions/wolnelektury-pl/
1565086284732	addons.xpi	DEBUG	Calling bootstrap method install on wolnelektury-pl@search.mozilla.org version 1.0
1565086284733	addons.xpi	DEBUG	Calling bootstrap method startup on wolnelektury-pl@search.mozilla.org version 1.0
1565086285090	addons.manager	DEBUG	Registering upgrade listener for formautofill@mozilla.org

Build info: version: '2.45.0', revision: '5017cb8e7ca8e37638dc3091b2440b90a1d8686f', time: '2015-02-27 09:10:26'
System info: host: 'mslaptop', ip: '192.168.56.1', os.name: 'Windows 10', os.arch: 'amd64', os.version: '10.0', java.version: '1.8.0_211'
Driver info: driver.version: FirefoxDriver
	at org.openqa.selenium.firefox.internal.NewProfileExtensionConnection.start(NewProfileExtensionConnection.java:130)
	at org.openqa.selenium.firefox.FirefoxDriver.startClient(FirefoxDriver.java:246)
	at org.openqa.selenium.remote.RemoteWebDriver.<init>(RemoteWebDriver.java:114)
	at org.openqa.selenium.firefox.FirefoxDriver.<init>(FirefoxDriver.java:191)
	at org.openqa.selenium.firefox.FirefoxDriver.<init>(FirefoxDriver.java:186)
	at org.openqa.selenium.firefox.FirefoxDriver.<init>(FirefoxDriver.java:103)
	at example.NewTest.launchBrowser(NewTest.java:20)
	at sun.reflect.NativeMethodAccessorImpl.invoke0(Native Method)
	at sun.reflect.NativeMethodAccessorImpl.invoke(Unknown Source)
	at sun.reflect.DelegatingMethodAccessorImpl.invoke(Unknown Source)
	at java.lang.reflect.Method.invoke(Unknown Source)
	at org.testng.internal.MethodInvocationHelper.invokeMethod(MethodInvocationHelper.java:80)
	at org.testng.internal.Invoker.invokeConfigurationMethod(Invoker.java:564)
	at org.testng.internal.Invoker.invokeConfigurations(Invoker.java:213)
	at org.testng.internal.Invoker.invokeConfigurations(Invoker.java:138)
	at org.testng.TestRunner.beforeRun(TestRunner.java:641)
	at org.testng.TestRunner.run(TestRunner.java:609)
	at org.testng.SuiteRunner.runTest(SuiteRunner.java:334)
	at org.testng.SuiteRunner.runSequentially(SuiteRunner.java:329)
	at org.testng.SuiteRunner.privateRun(SuiteRunner.java:291)
	at org.testng.SuiteRunner.run(SuiteRunner.java:240)
	at org.testng.SuiteRunnerWorker.runSuite(SuiteRunnerWorker.java:52)
	at org.testng.SuiteRunnerWorker.run(SuiteRunnerWorker.java:86)
	at org.testng.TestNG.runSuitesSequentially(TestNG.java:1198)
	at org.testng.TestNG.runSuitesLocally(TestNG.java:1123)
	at org.testng.TestNG.run(TestNG.java:1031)
	at org.testng.remote.AbstractRemoteTestNG.run(AbstractRemoteTestNG.java:115)
	at org.testng.remote.RemoteTestNG.initAndRun(RemoteTestNG.java:251)
	at org.testng.remote.RemoteTestNG.main(RemoteTestNG.java:77)
Caused by: org.openqa.selenium.firefox.NotConnectedException: Unable to connect to host 127.0.0.1 on port 7055 after 45000 ms. Firefox console output:
:"#2A2A2E","ntp_text":"rgb(249, 249, 250)","popup":"#4a4a4f","popup_border":"#27272b","popup_text":"rgb(249, 249, 250)","sidebar":"#38383D","sidebar_border":"rgba(255, 255, 255, 0.1)","sidebar_text":"rgb(249, 249, 250)","textcolor":"rgb(249, 249, 250)","tab_line":"#0a84ff","toolbarColor":"hsl(240, 1%, 20%)","toolbar_bottom_separator":"hsl(240, 5%, 5%)","toolbar_field":"rgb(71, 71, 73)","toolbar_field_border":"rgba(249, 249, 250, 0.2)","toolbar_field_separator":"#5F6670","toolbar_field_text":"rgb(249, 249, 250)","id":"default-theme@mozilla.org","version":"1.0"}}},"firefox-compact-light@mozilla.org":{"dependencies":[],"enabled":false,"lastModifiedTime":1563739984624,"loader":null,"path":null,"rootURI":"resource:///modules/themes/light/","runInSafeMode":true,"telemetryKey":"firefox-compact-light%40mozilla.org:1.0","version":"1.0","type":"theme"},"firefox-compact-dark@mozilla.org":{"dependencies":[],"enabled":false,"lastModifiedTime":1563739984624,"loader":null,"path":null,"rootURI":"resource:///modules/themes/dark/","runInSafeMode":true,"telemetryKey":"firefox-compact-dark%40mozilla.org:1.0","version":"1.0","type":"theme"},"google@search.mozilla.org":{"dependencies":[],"enabled":true,"lastModifiedTime":1563739984624,"loader":null,"path":null,"rootURI":"resource://search-extensions/google/","runInSafeMode":true,"telemetryKey":"google%40search.mozilla.org:1.0","version":"1.0"},"allegro-pl@search.mozilla.org":{"dependencies":[],"enabled":true,"lastModifiedTime":1563739984624,"loader":null,"path":null,"rootURI":"resource://search-extensions/allegro-pl/","runInSafeMode":true,"telemetryKey":"allegro-pl%40search.mozilla.org:1.0","version":"1.0"},"ddg@search.mozilla.org":{"dependencies":[],"enabled":true,"lastModifiedTime":1563739984624,"loader":null,"path":null,"rootURI":"resource://search-extensions/ddg/","runInSafeMode":true,"telemetryKey":"ddg%40search.mozilla.org:1.0","version":"1.0"},"pwn-pl@search.mozilla.org":{"dependencies":[],"enabled":true,"lastModifiedTime":1563739984624,"loader":null,"path":null,"rootURI":"resource://search-extensions/pwn-pl/","runInSafeMode":true,"telemetryKey":"pwn-pl%40search.mozilla.org:1.0","version":"1.0"},"wikipedia@search.mozilla.org":{"dependencies":[],"enabled":true,"lastModifiedTime":1563739984624,"loader":null,"path":null,"rootURI":"resource://search-extensions/wikipedia/","runInSafeMode":true,"telemetryKey":"wikipedia%40search.mozilla.org:1.0","version":"1.0"}},"staged":{}}: null
1565086284729	addons.xpi	DEBUG	Updating XPIState for {"id":"wolnelektury-pl@search.mozilla.org","syncGUID":"{9c8992a5-d155-4db4-8d4b-89cc2e25c872}","version":"1.0","type":"extension","loader":null,"updateURL":null,"optionsURL":null,"optionsType":null,"optionsBrowserStyle":true,"aboutURL":null,"defaultLocale":{"name":"Wolne Lektury","description":"Biblioteka internetowa WolneLektury.pl","creator":null,"developers":null,"translators":null,"contributors":null},"visible":true,"active":true,"userDisabled":false,"appDisabled":false,"installDate":1565086284727,"applyBackgroundUpdates":1,"path":null,"skinnable":false,"sourceURI":null,"releaseNotesURI":null,"softDisabled":false,"foreignInstall":false,"strictCompatibility":true,"locales":[],"targetApplications":[{"id":"toolkit@mozilla.org","minVersion":null,"maxVersion":null}],"targetPlatforms":[],"seen":true,"dependencies":[],"incognito":"spanning","userPermissions":{"permissions":[],"origins":[]},"icons":{"16":"favicon.png"},"iconURL":null,"blocklistState":0,"blocklistURL":null,"startupData":null,"hidden":true,"installTelemetryInfo":null,"recommendationState":null,"rootURI":"resource://search-extensions/wolnelektury-pl/","location":"app-builtin"}
1565086284732	addons.xpi	DEBUG	Loading bootstrap scope from resource://search-extensions/wolnelektury-pl/
1565086284732	addons.xpi	DEBUG	Calling bootstrap method install on wolnelektury-pl@search.mozilla.org version 1.0
1565086284733	addons.xpi	DEBUG	Calling bootstrap method startup on wolnelektury-pl@search.mozilla.org version 1.0
1565086285090	addons.manager	DEBUG	Registering upgrade listener for formautofill@mozilla.org

	at org.openqa.selenium.firefox.internal.NewProfileExtensionConnection.start(NewProfileExtensionConnection.java:118)
	... 28 more
]]>
    </failure>
  </testcase> <!-- @BeforeTest launchBrowser -->
  <testcase name="@AfterTest terminateBrowser" time="0.0" classname="example.NewTest">
    <skipped/>
  </testcase> <!-- @AfterTest terminateBrowser -->
  <testcase name="verifyHomepageTitle" time="0.003" classname="example.NewTest">
    <skipped/>
  </testcase> <!-- verifyHomepageTitle -->
</testsuite> <!-- Default test -->
