<?xml version="1.0" encoding="UTF-8"?>
<!-- Generated by org.testng.reporters.JUnitXMLReporter -->
<testsuite hostname="mslaptop" ignored="0" name="PokerGround" tests="3" failures="0" timestamp="11 sie 2019 19:59:10 GMT" time="17.348" errors="0">
  <testcase name="czytelniaPage" time="1.681" classname="com.suite2.PokerGround"/>
  <testcase name="kontaktPage" time="1.961" classname="com.suite2.PokerGround"/>
  <testcase name="newsPage" time="3.055" classname="com.suite2.PokerGround"/>
</testsuite> <!-- PokerGround -->
