<?xml version="1.0" encoding="UTF-8"?>
<!-- Generated by org.testng.reporters.JUnitXMLReporter -->
<testsuite hostname="mslaptop" ignored="0" name="PokerTexas" tests="3" failures="0" timestamp="11 sie 2019 19:58:53 GMT" time="24.318" errors="0">
  <testcase name="czytelniaPage" time="5.783" classname="com.suite1.PokerTexas"/>
  <testcase name="kontaktPage" time="2.712" classname="com.suite1.PokerTexas"/>
  <testcase name="newsPage" time="1.98" classname="com.suite1.PokerTexas"/>
</testsuite> <!-- PokerTexas -->
