<?xml version="1.0" encoding="UTF-8"?>
<!-- Generated by org.testng.reporters.JUnitXMLReporter -->
<testsuite hostname="mslaptop" ignored="1" name="Test" tests="4" failures="0" timestamp="06 sie 2019 13:34:03 GMT" time="16.023" errors="0">
  <testcase name="tc01LaunchURL" time="3.973" classname="firsttestngpackage.testNG_IncludeExclude"/>
  <testcase name="tc03EnterCredentials" time="2.102" classname="firsttestngpackage.testNG_IncludeExclude"/>
  <testcase name="tc04VerifyLoggedInPage" time="0.177" classname="firsttestngpackage.testNG_IncludeExclude"/>
  <testcase name="tc05VerifyHyperlinks" time="0.169" classname="firsttestngpackage.testNG_IncludeExclude"/>
  <testcase name="tc02VerifyLaunchPage" time="0.0" classname="firsttestngpackage.testNG_IncludeExclude">
    <ignored/>
  </testcase> <!-- tc02VerifyLaunchPage -->
</testsuite> <!-- Test -->
