<?xml version="1.0" encoding="UTF-8"?>
<!-- Generated by org.testng.reporters.JUnitXMLReporter -->
<testsuite hostname="mslaptop" ignored="0" name="Test" tests="5" failures="0" timestamp="12 sie 2019 12:41:45 GMT" time="16.017" errors="0">
  <testcase name="tc01LaunchURL" time="3.752" classname="firsttestngpackage.testNG_IncludeExclude"/>
  <testcase name="tc02VerifyLaunchPage" time="0.217" classname="firsttestngpackage.testNG_IncludeExclude"/>
  <testcase name="tc03EnterCredentials" time="2.172" classname="firsttestngpackage.testNG_IncludeExclude"/>
  <testcase name="tc04VerifyLoggedInPage" time="0.153" classname="firsttestngpackage.testNG_IncludeExclude"/>
  <testcase name="tc05VerifyHyperlinks" time="0.359" classname="firsttestngpackage.testNG_IncludeExclude"/>
</testsuite> <!-- Test -->
