<?xml version="1.0" encoding="UTF-8"?>
<!-- Generated by org.testng.reporters.JUnitXMLReporter -->
<testsuite hostname="mslaptop" ignored="0" name="testMultipleMethod" tests="3" failures="0" timestamp="12 sie 2019 12:50:09 GMT" time="14.412" errors="0">
  <testcase name="executSessionThree" time="13.871" classname="firsttestngpackage.MultipleSession_In_testNG"/>
  <testcase name="executSessionOne" time="14.223" classname="firsttestngpackage.MultipleSession_In_testNG"/>
  <testcase name="executeSessionTwo" time="14.344" classname="firsttestngpackage.MultipleSession_In_testNG"/>
</testsuite> <!-- testMultipleMethod -->
