<?xml version="1.0" encoding="UTF-8"?>
<!-- Generated by org.testng.reporters.JUnitXMLReporter -->
<testsuite hostname="mslaptop" ignored="0" name="testMultipleMethod" tests="3" failures="0" timestamp="08 sie 2019 16:19:29 GMT" time="13.8" errors="0">
  <testcase name="executeSessionTwo" time="13.54" classname="firsttestngpackage.MultipleSession_In_testNG"/>
  <testcase name="executSessionThree" time="13.709" classname="firsttestngpackage.MultipleSession_In_testNG"/>
  <testcase name="executSessionOne" time="13.74" classname="firsttestngpackage.MultipleSession_In_testNG"/>
</testsuite> <!-- testMultipleMethod -->
