<?xml version="1.0" encoding="UTF-8"?>
<!-- Generated by org.testng.reporters.JUnitXMLReporter -->
<testsuite hostname="mslaptop" ignored="0" name="Test" tests="3" failures="0" timestamp="11 sie 2019 19:54:25 GMT" time="19.548" errors="0">
  <testcase name="czytelniaPage" time="1.517" classname="com.suite2.PokerGround"/>
  <testcase name="kontaktPage" time="2.397" classname="com.suite2.PokerGround"/>
  <testcase name="newsPage" time="1.689" classname="com.suite2.PokerGround"/>
</testsuite> <!-- Test -->
