<?xml version="1.0" encoding="UTF-8"?>
<testng-results skipped="0" failed="0" ignored="0" total="6" passed="6">
  <reporter-output>
  </reporter-output>
  <suite name="Poker Suite" duration-ms="41823" started-at="2019-08-11T19:58:28Z" finished-at="2019-08-11T19:59:10Z">
    <groups>
    </groups>
    <test name="PokerTexas" duration-ms="24318" started-at="2019-08-11T19:58:28Z" finished-at="2019-08-11T19:58:53Z">
      <class name="com.suite1.PokerTexas">
        <test-method status="PASS" signature="launchBrowser()[pri:0, instance:com.suite1.PokerTexas@482f8f11]" name="launchBrowser" is-config="true" duration-ms="11821" started-at="2019-08-11T19:58:28Z" finished-at="2019-08-11T19:58:40Z">
          <reporter-output>
          </reporter-output>
        </test-method> <!-- launchBrowser -->
        <test-method status="PASS" signature="czytelniaPage()[pri:0, instance:com.suite1.PokerTexas@482f8f11]" name="czytelniaPage" duration-ms="5783" started-at="2019-08-11T19:58:40Z" finished-at="2019-08-11T19:58:46Z">
          <reporter-output>
          </reporter-output>
        </test-method> <!-- czytelniaPage -->
        <test-method status="PASS" signature="kontaktPage()[pri:0, instance:com.suite1.PokerTexas@482f8f11]" name="kontaktPage" duration-ms="2712" started-at="2019-08-11T19:58:46Z" finished-at="2019-08-11T19:58:49Z">
          <reporter-output>
          </reporter-output>
        </test-method> <!-- kontaktPage -->
        <test-method status="PASS" signature="newsPage()[pri:0, instance:com.suite1.PokerTexas@482f8f11]" name="newsPage" duration-ms="1980" started-at="2019-08-11T19:58:49Z" finished-at="2019-08-11T19:58:51Z">
          <reporter-output>
          </reporter-output>
        </test-method> <!-- newsPage -->
        <test-method status="PASS" signature="quit()[pri:0, instance:com.suite1.PokerTexas@482f8f11]" name="quit" is-config="true" duration-ms="1950" started-at="2019-08-11T19:58:51Z" finished-at="2019-08-11T19:58:53Z">
          <reporter-output>
          </reporter-output>
        </test-method> <!-- quit -->
      </class> <!-- com.suite1.PokerTexas -->
    </test> <!-- PokerTexas -->
    <test name="PokerGround" duration-ms="17348" started-at="2019-08-11T19:58:53Z" finished-at="2019-08-11T19:59:10Z">
      <class name="com.suite2.PokerGround">
        <test-method status="PASS" signature="launchBrowser()[pri:0, instance:com.suite2.PokerGround@6f7fd0e6]" name="launchBrowser" is-config="true" duration-ms="8746" started-at="2019-08-11T19:58:53Z" finished-at="2019-08-11T19:59:02Z">
          <reporter-output>
          </reporter-output>
        </test-method> <!-- launchBrowser -->
        <test-method status="PASS" signature="czytelniaPage()[pri:0, instance:com.suite2.PokerGround@6f7fd0e6]" name="czytelniaPage" duration-ms="1681" started-at="2019-08-11T19:59:02Z" finished-at="2019-08-11T19:59:03Z">
          <reporter-output>
          </reporter-output>
        </test-method> <!-- czytelniaPage -->
        <test-method status="PASS" signature="kontaktPage()[pri:0, instance:com.suite2.PokerGround@6f7fd0e6]" name="kontaktPage" duration-ms="1961" started-at="2019-08-11T19:59:03Z" finished-at="2019-08-11T19:59:05Z">
          <reporter-output>
          </reporter-output>
        </test-method> <!-- kontaktPage -->
        <test-method status="PASS" signature="newsPage()[pri:0, instance:com.suite2.PokerGround@6f7fd0e6]" name="newsPage" duration-ms="3055" started-at="2019-08-11T19:59:05Z" finished-at="2019-08-11T19:59:08Z">
          <reporter-output>
          </reporter-output>
        </test-method> <!-- newsPage -->
        <test-method status="PASS" signature="quit()[pri:0, instance:com.suite2.PokerGround@6f7fd0e6]" name="quit" is-config="true" duration-ms="1879" started-at="2019-08-11T19:59:08Z" finished-at="2019-08-11T19:59:10Z">
          <reporter-output>
          </reporter-output>
        </test-method> <!-- quit -->
      </class> <!-- com.suite2.PokerGround -->
    </test> <!-- PokerGround -->
  </suite> <!-- Poker Suite -->
</testng-results>
